<?xml version="1.0" encoding="UTF-8"?>
<!-- Generated by org.testng.reporters.JUnitXMLReporter -->
<testsuite ignored="0" hostname="wdts-in-mukulverma" failures="0" tests="6" name="Submit Order Test" time="50.761" errors="0" timestamp="2025-05-03T06:48:32 IST">
  <testcase classname="seleniumwithmukul.tests.SubmitOrderTest" name="submitOrder" time="4.772"/>
  <testcase classname="seleniumwithmukul.tests.SubmitOrderTest" name="submitOrder" time="8.971"/>
  <testcase classname="seleniumwithmukul.tests.SubmitOrderTest" name="submitOrder" time="8.778"/>
  <testcase classname="seleniumwithmukul.tests.SubmitOrderTest" name="OrderHistoryTest" time="1.084"/>
  <testcase classname="seleniumwithmukul.tests.SubmitOrderTest" name="OrderHistoryTest" time="1.002"/>
  <testcase classname="seleniumwithmukul.tests.SubmitOrderTest" name="OrderHistoryTest" time="1.009"/>
</testsuite> <!-- Submit Order Test -->
