<?xml version="1.0" encoding="UTF-8"?>
<!-- Generated by org.testng.reporters.JUnitXMLReporter -->
<testsuite ignored="0" hostname="wdts-in-mukulverma" failures="0" tests="6" name="Submit Order Test" time="57.272" errors="0" timestamp="2025-05-06T06:18:20 IST">
  <testcase classname="seleniumwithmukul.tests.SubmitOrderTest" name="submitOrder" time="9.078"/>
  <testcase classname="seleniumwithmukul.tests.SubmitOrderTest" name="submitOrder" time="5.125"/>
  <testcase classname="seleniumwithmukul.tests.SubmitOrderTest" name="submitOrder" time="9.193"/>
  <testcase classname="seleniumwithmukul.tests.SubmitOrderTest" name="OrderHistoryTest" time="1.29"/>
  <testcase classname="seleniumwithmukul.tests.SubmitOrderTest" name="OrderHistoryTest" time="1.275"/>
  <testcase classname="seleniumwithmukul.tests.SubmitOrderTest" name="OrderHistoryTest" time="1.083"/>
</testsuite> <!-- Submit Order Test -->
